<?xml version="1.0" encoding="UTF-8"?>
<testng-results ignored="0" total="1" passed="1" failed="0" skipped="0">
  <reporter-output>
  </reporter-output>
  <suite started-at="2023-10-31T15:02:12 IST" name="Default suite" finished-at="2023-10-31T15:02:28 IST" duration-ms="16629">
    <groups>
    </groups>
    <test started-at="2023-10-31T15:02:12 IST" name="Default test" finished-at="2023-10-31T15:02:28 IST" duration-ms="16629">
      <class name="co.techstore.Testlaer.LoginTest">
        <test-method is-config="true" signature="setUp()[pri:0, instance:co.techstore.Testlaer.LoginTest@1ea9f6af]" started-at="2023-10-31T15:02:12 IST" name="setUp" finished-at="2023-10-31T15:02:20 IST" duration-ms="8549" status="PASS">
          <reporter-output>
          </reporter-output>
        </test-method> <!-- setUp -->
        <test-method signature="validatevalidusernameandvalidpassword()[pri:0, instance:co.techstore.Testlaer.LoginTest@1ea9f6af]" started-at="2023-10-31T15:02:20 IST" name="validatevalidusernameandvalidpassword" finished-at="2023-10-31T15:02:28 IST" duration-ms="7962" status="PASS">
          <reporter-output>
          </reporter-output>
        </test-method> <!-- validatevalidusernameandvalidpassword -->
      </class> <!-- co.techstore.Testlaer.LoginTest -->
    </test> <!-- Default test -->
  </suite> <!-- Default suite -->
</testng-results>
